<?xml version="1.0" encoding="UTF-8"?>
<!-- Generated by org.testng.reporters.JUnitReportReporter -->
<testsuite hostname="LAPTOP-74RT8JJQ" failures="0" tests="1" name="parallel.TestRunner" time="3.601" errors="0" timestamp="2025-04-18T17:52:30 IST" skipped="0">
  <testcase classname="parallel.TestRunner" name="runScenario" time="3.601"/>
  <system-out/>
</testsuite> <!-- parallel.TestRunner -->
