<?xml version="1.0" encoding="UTF-8"?>
<!-- Generated by org.testng.reporters.JUnitReportReporter -->
<testsuite hostname="LAPTOP-74RT8JJQ" failures="0" tests="1" name="Runner.TestRunner" time="3.129" errors="0" timestamp="2025-04-18T16:39:46 IST" skipped="0">
  <testcase classname="Runner.TestRunner" name="runScenario" time="3.129"/>
  <system-out/>
</testsuite> <!-- Runner.TestRunner -->
